<?xml version="1.0" encoding="UTF-8"?>
<!-- Generated by org.testng.reporters.JUnitReportReporter -->
<testsuite hostname="LTIN251341" failures="0" tests="6" name="TestNG.TC_02_weddingCard" time="9.451" errors="0" timestamp="2024-03-05T15:47:41 IST" skipped="0">
  <testcase classname="TestNG.TC_02_weddingCard" name="Gift_cards" time="2.883"/>
  <testcase classname="TestNG.TC_02_weddingCard" name="Wedding_Card" time="0.431"/>
  <testcase classname="TestNG.TC_02_weddingCard" name="Emailbutton" time="3.631"/>
  <testcase classname="TestNG.TC_02_weddingCard" name="SendEmail" time="0.248"/>
  <testcase classname="TestNG.TC_02_weddingCard" name="BuyButton" time="0.213"/>
  <testcase classname="TestNG.TC_02_weddingCard" name="error" time="2.045"/>
</testsuite> <!-- TestNG.TC_02_weddingCard -->
