<?xml version="1.0" encoding="UTF-8"?>
<!-- Generated by org.testng.reporters.JUnitReportReporter -->
<testsuite hostname="LTIN251341" failures="0" tests="19" name="MakeMyTrip.cabBooking" time="46.254" errors="0" timestamp="2024-02-22T14:49:33 IST" skipped="0">
  <testcase classname="MakeMyTrip.cabBooking" name="get_url" time="5.407"/>
  <testcase classname="MakeMyTrip.cabBooking" name="cabButton" time="0.584"/>
  <testcase classname="MakeMyTrip.cabBooking" name="txt_From" time="1.296"/>
  <testcase classname="MakeMyTrip.cabBooking" name="txt_To" time="5.593"/>
  <testcase classname="MakeMyTrip.cabBooking" name="Date" time="0.222"/>
  <testcase classname="MakeMyTrip.cabBooking" name="time" time="0.219"/>
  <testcase classname="MakeMyTrip.cabBooking" name="search" time="4.012"/>
  <testcase classname="MakeMyTrip.cabBooking" name="SUV" time="1.809"/>
  <testcase classname="MakeMyTrip.cabBooking" name="Printing_Lowest_price" time="0.130"/>
  <testcase classname="MakeMyTrip.cabBooking" name="Gift_cards" time="5.740"/>
  <testcase classname="MakeMyTrip.cabBooking" name="Wedding_Card" time="0.769"/>
  <testcase classname="MakeMyTrip.cabBooking" name="Emailbutton" time="6.557"/>
  <testcase classname="MakeMyTrip.cabBooking" name="SendEmail" time="0.453"/>
  <testcase classname="MakeMyTrip.cabBooking" name="BuyButton" time="0.490"/>
  <testcase classname="MakeMyTrip.cabBooking" name="error" time="2.074"/>
  <testcase classname="MakeMyTrip.cabBooking" name="hotels" time="4.799"/>
  <testcase classname="MakeMyTrip.cabBooking" name="Guest" time="0.554"/>
  <testcase classname="MakeMyTrip.cabBooking" name="adults" time="2.515"/>
  <testcase classname="MakeMyTrip.cabBooking" name="ExcelIntegration" time="3.031"/>
</testsuite> <!-- MakeMyTrip.cabBooking -->
