<?xml version="1.0" encoding="UTF-8"?>
<!-- Generated by org.testng.reporters.JUnitReportReporter -->
<testsuite hostname="LTIN251341" failures="0" tests="6" name="testCases.TC_02_weddingCard" time="12.477" errors="0" timestamp="2024-03-09T22:12:21 IST" skipped="0">
  <testcase classname="testCases.TC_02_weddingCard" name="Gift_cards" time="5.329"/>
  <testcase classname="testCases.TC_02_weddingCard" name="Wedding_Card" time="0.559"/>
  <testcase classname="testCases.TC_02_weddingCard" name="Emailbutton" time="3.897"/>
  <testcase classname="testCases.TC_02_weddingCard" name="SendEmail" time="0.313"/>
  <testcase classname="testCases.TC_02_weddingCard" name="BuyButton" time="0.325"/>
  <testcase classname="testCases.TC_02_weddingCard" name="error" time="2.054"/>
</testsuite> <!-- testCases.TC_02_weddingCard -->
