<?xml version="1.0" encoding="UTF-8"?>
<!-- Generated by org.testng.reporters.JUnitReportReporter -->
<testsuite hostname="LTIN251341" failures="0" tests="4" name="TestNG.TC_03_Hotels" time="9.072" errors="0" timestamp="2024-03-05T15:47:41 IST" skipped="0">
  <testcase classname="TestNG.TC_03_Hotels" name="hotels" time="4.419"/>
  <testcase classname="TestNG.TC_03_Hotels" name="Guest" time="0.677"/>
  <testcase classname="TestNG.TC_03_Hotels" name="adults" time="1.745"/>
  <testcase classname="TestNG.TC_03_Hotels" name="ExcelIntegration" time="2.231"/>
</testsuite> <!-- TestNG.TC_03_Hotels -->
