<?xml version="1.0" encoding="UTF-8"?>
<!-- Generated by org.testng.reporters.JUnitReportReporter -->
<testsuite hostname="LTIN251341" failures="0" tests="20" name="TestNG.BaseClass" time="50.452" errors="0" timestamp="2024-03-05T09:52:41 IST" skipped="0">
  <testcase classname="TestNG.BaseClass" name="get_url" time="8.964"/>
  <testcase classname="TestNG.BaseClass" name="Handle_Popup" time="0.288"/>
  <testcase classname="TestNG.BaseClass" name="cabButton" time="1.098"/>
  <testcase classname="TestNG.BaseClass" name="txt_From" time="0.858"/>
  <testcase classname="TestNG.BaseClass" name="txt_To" time="5.470"/>
  <testcase classname="TestNG.BaseClass" name="Date" time="0.128"/>
  <testcase classname="TestNG.BaseClass" name="time" time="0.312"/>
  <testcase classname="TestNG.BaseClass" name="search" time="5.598"/>
  <testcase classname="TestNG.BaseClass" name="SUV" time="1.796"/>
  <testcase classname="TestNG.BaseClass" name="Printing_Lowest_price" time="0.092"/>
  <testcase classname="TestNG.BaseClass" name="Gift_cards" time="8.923"/>
  <testcase classname="TestNG.BaseClass" name="Wedding_Card" time="0.250"/>
  <testcase classname="TestNG.BaseClass" name="Emailbutton" time="4.721"/>
  <testcase classname="TestNG.BaseClass" name="SendEmail" time="0.244"/>
  <testcase classname="TestNG.BaseClass" name="BuyButton" time="0.245"/>
  <testcase classname="TestNG.BaseClass" name="error" time="2.038"/>
  <testcase classname="TestNG.BaseClass" name="hotels" time="4.607"/>
  <testcase classname="TestNG.BaseClass" name="Guest" time="0.692"/>
  <testcase classname="TestNG.BaseClass" name="adults" time="1.379"/>
  <testcase classname="TestNG.BaseClass" name="ExcelIntegration" time="2.749"/>
</testsuite> <!-- TestNG.BaseClass -->
