<?xml version="1.0" encoding="UTF-8"?>
<!-- Generated by org.testng.reporters.JUnitReportReporter -->
<testsuite hostname="LTIN251341" failures="0" tests="9" name="testCases.TC_01_CabBooking" time="28.115" errors="0" timestamp="2024-03-09T22:12:21 IST" skipped="0">
  <testcase classname="testCases.TC_01_CabBooking" name="Handle_Popup" time="4.682"/>
  <testcase classname="testCases.TC_01_CabBooking" name="cabButton" time="7.586"/>
  <testcase classname="testCases.TC_01_CabBooking" name="txt_From" time="1.048"/>
  <testcase classname="testCases.TC_01_CabBooking" name="txt_To" time="5.825"/>
  <testcase classname="testCases.TC_01_CabBooking" name="Date" time="0.265"/>
  <testcase classname="testCases.TC_01_CabBooking" name="time" time="0.395"/>
  <testcase classname="testCases.TC_01_CabBooking" name="search" time="7.302"/>
  <testcase classname="testCases.TC_01_CabBooking" name="SUV" time="0.855"/>
  <testcase classname="testCases.TC_01_CabBooking" name="Printing_Lowest_price" time="0.157"/>
</testsuite> <!-- testCases.TC_01_CabBooking -->
