<?xml version="1.0" encoding="UTF-8"?>
<!-- Generated by org.testng.reporters.JUnitReportReporter -->
<testsuite hostname="LTIN251341" failures="0" tests="9" name="TestNG.TC_01_CabBooking" time="17.070" errors="0" timestamp="2024-03-05T19:49:41 IST" skipped="0">
  <testcase classname="TestNG.TC_01_CabBooking" name="Handle_Popup" time="1.537"/>
  <testcase classname="TestNG.TC_01_CabBooking" name="cabButton" time="1.701"/>
  <testcase classname="TestNG.TC_01_CabBooking" name="txt_From" time="1.552"/>
  <testcase classname="TestNG.TC_01_CabBooking" name="txt_To" time="5.942"/>
  <testcase classname="TestNG.TC_01_CabBooking" name="Date" time="0.249"/>
  <testcase classname="TestNG.TC_01_CabBooking" name="time" time="0.448"/>
  <testcase classname="TestNG.TC_01_CabBooking" name="search" time="2.801"/>
  <testcase classname="TestNG.TC_01_CabBooking" name="SUV" time="2.686"/>
  <testcase classname="TestNG.TC_01_CabBooking" name="Printing_Lowest_price" time="0.154"/>
</testsuite> <!-- TestNG.TC_01_CabBooking -->
