<?xml version="1.0" encoding="UTF-8"?>
<!-- Generated by org.testng.reporters.JUnitReportReporter -->
<testsuite hostname="LTIN251341" failures="0" tests="4" name="testCases.TC_03_Hotels" time="10.708" errors="0" timestamp="2024-03-09T22:12:21 IST" skipped="0">
  <testcase classname="testCases.TC_03_Hotels" name="hotels" time="4.685"/>
  <testcase classname="testCases.TC_03_Hotels" name="Guest" time="0.886"/>
  <testcase classname="testCases.TC_03_Hotels" name="adults" time="2.169"/>
  <testcase classname="testCases.TC_03_Hotels" name="ExcelIntegration" time="2.968"/>
</testsuite> <!-- testCases.TC_03_Hotels -->
