<?xml version="1.0" encoding="UTF-8"?>
<!-- Generated by org.testng.reporters.JUnitReportReporter -->
<testsuite hostname="LTIN251341" failures="0" tests="6" name="testCases.TC_02_weddingCard" time="0.001" errors="0" timestamp="2024-03-09T23:13:29 IST" skipped="6">
  <testcase classname="testCases.TC_02_weddingCard" name="Gift_cards" time="0.000">
    <skipped/>
  </testcase> <!-- Gift_cards -->
  <testcase classname="testCases.TC_02_weddingCard" name="Wedding_Card" time="0.000">
    <skipped/>
  </testcase> <!-- Wedding_Card -->
  <testcase classname="testCases.TC_02_weddingCard" name="Emailbutton" time="0.000">
    <skipped/>
  </testcase> <!-- Emailbutton -->
  <testcase classname="testCases.TC_02_weddingCard" name="SendEmail" time="0.000">
    <skipped/>
  </testcase> <!-- SendEmail -->
  <testcase classname="testCases.TC_02_weddingCard" name="BuyButton" time="0.001">
    <skipped/>
  </testcase> <!-- BuyButton -->
  <testcase classname="testCases.TC_02_weddingCard" name="error" time="0.000">
    <skipped/>
  </testcase> <!-- error -->
</testsuite> <!-- testCases.TC_02_weddingCard -->
