<?xml version="1.0" encoding="UTF-8"?>
<!-- Generated by org.testng.reporters.JUnitReportReporter -->
<testsuite hostname="LTIN251341" failures="0" tests="4" name="testCases.TC_03_Hotels" time="8.404" errors="0" timestamp="2024-03-07T13:53:22 IST" skipped="0">
  <testcase classname="testCases.TC_03_Hotels" name="hotels" time="4.421"/>
  <testcase classname="testCases.TC_03_Hotels" name="Guest" time="0.658"/>
  <testcase classname="testCases.TC_03_Hotels" name="adults" time="1.417"/>
  <testcase classname="testCases.TC_03_Hotels" name="ExcelIntegration" time="1.908"/>
</testsuite> <!-- testCases.TC_03_Hotels -->
