<?xml version="1.0" encoding="UTF-8"?>
<!-- Generated by org.testng.reporters.JUnitReportReporter -->
<testsuite hostname="LTIN251341" failures="0" tests="9" name="testCases.TC_01_CabBooking" time="33.264" errors="0" timestamp="2024-03-07T13:53:22 IST" skipped="0">
  <testcase classname="testCases.TC_01_CabBooking" name="Handle_Popup" time="20.156"/>
  <testcase classname="testCases.TC_01_CabBooking" name="cabButton" time="0.339"/>
  <testcase classname="testCases.TC_01_CabBooking" name="txt_From" time="1.716"/>
  <testcase classname="testCases.TC_01_CabBooking" name="txt_To" time="5.417"/>
  <testcase classname="testCases.TC_01_CabBooking" name="Date" time="0.117"/>
  <testcase classname="testCases.TC_01_CabBooking" name="time" time="0.169"/>
  <testcase classname="testCases.TC_01_CabBooking" name="search" time="5.080"/>
  <testcase classname="testCases.TC_01_CabBooking" name="SUV" time="0.193"/>
  <testcase classname="testCases.TC_01_CabBooking" name="Printing_Lowest_price" time="0.077"/>
</testsuite> <!-- testCases.TC_01_CabBooking -->
