<?xml version="1.0" encoding="UTF-8"?>
<!-- Generated by org.testng.reporters.JUnitReportReporter -->
<testsuite hostname="LTIN251341" failures="0" tests="6" name="testCases.TC_02_weddingCard" time="8.404" errors="0" timestamp="2024-03-09T22:32:52 IST" skipped="0">
  <testcase classname="testCases.TC_02_weddingCard" name="Gift_cards" time="2.211"/>
  <testcase classname="testCases.TC_02_weddingCard" name="Wedding_Card" time="0.329"/>
  <testcase classname="testCases.TC_02_weddingCard" name="Emailbutton" time="3.273"/>
  <testcase classname="testCases.TC_02_weddingCard" name="SendEmail" time="0.300"/>
  <testcase classname="testCases.TC_02_weddingCard" name="BuyButton" time="0.247"/>
  <testcase classname="testCases.TC_02_weddingCard" name="error" time="2.044"/>
</testsuite> <!-- testCases.TC_02_weddingCard -->
