<?xml version="1.0" encoding="UTF-8"?>
<!-- Generated by org.testng.reporters.JUnitReportReporter -->
<testsuite hostname="LTIN251341" failures="0" tests="9" name="testCases.TC_01_CabBooking" time="22.756" errors="0" timestamp="2024-03-09T22:32:52 IST" skipped="0">
  <testcase classname="testCases.TC_01_CabBooking" name="Handle_Popup" time="2.599"/>
  <testcase classname="testCases.TC_01_CabBooking" name="cabButton" time="6.522"/>
  <testcase classname="testCases.TC_01_CabBooking" name="txt_From" time="1.387"/>
  <testcase classname="testCases.TC_01_CabBooking" name="txt_To" time="5.466"/>
  <testcase classname="testCases.TC_01_CabBooking" name="Date" time="0.138"/>
  <testcase classname="testCases.TC_01_CabBooking" name="time" time="0.269"/>
  <testcase classname="testCases.TC_01_CabBooking" name="search" time="4.839"/>
  <testcase classname="testCases.TC_01_CabBooking" name="SUV" time="1.413"/>
  <testcase classname="testCases.TC_01_CabBooking" name="Printing_Lowest_price" time="0.123"/>
</testsuite> <!-- testCases.TC_01_CabBooking -->
