<?xml version="1.0" encoding="UTF-8"?>
<!-- Generated by org.testng.reporters.JUnitReportReporter -->
<testsuite hostname="LTIN251341" failures="0" tests="4" name="testCases.TC_03_Hotels" time="0.000" errors="0" timestamp="2024-03-09T23:13:29 IST" skipped="4">
  <testcase classname="testCases.TC_03_Hotels" name="hotels" time="0.000">
    <skipped/>
  </testcase> <!-- hotels -->
  <testcase classname="testCases.TC_03_Hotels" name="Guest" time="0.000">
    <skipped/>
  </testcase> <!-- Guest -->
  <testcase classname="testCases.TC_03_Hotels" name="adults" time="0.000">
    <skipped/>
  </testcase> <!-- adults -->
  <testcase classname="testCases.TC_03_Hotels" name="ExcelIntegration" time="0.000">
    <skipped/>
  </testcase> <!-- ExcelIntegration -->
</testsuite> <!-- testCases.TC_03_Hotels -->
