<?xml version="1.0" encoding="UTF-8"?>
<!-- Generated by org.testng.reporters.JUnitReportReporter -->
<testsuite hostname="LTIN251341" failures="0" tests="6" name="testCases.TC_02_weddingCard" time="9.194" errors="0" timestamp="2024-03-07T13:53:22 IST" skipped="0">
  <testcase classname="testCases.TC_02_weddingCard" name="Gift_cards" time="2.573"/>
  <testcase classname="testCases.TC_02_weddingCard" name="Wedding_Card" time="0.382"/>
  <testcase classname="testCases.TC_02_weddingCard" name="Emailbutton" time="3.744"/>
  <testcase classname="testCases.TC_02_weddingCard" name="SendEmail" time="0.251"/>
  <testcase classname="testCases.TC_02_weddingCard" name="BuyButton" time="0.195"/>
  <testcase classname="testCases.TC_02_weddingCard" name="error" time="2.049"/>
</testsuite> <!-- testCases.TC_02_weddingCard -->
